<?xml version="1.0" encoding="UTF-8"?>
<testsuite xmlns:xsi="http://www.w3.org/2001/XMLSchema-instance" xsi:noNamespaceSchemaLocation="https://maven.apache.org/surefire/maven-surefire-plugin/xsd/surefire-test-report-3.0.xsd" version="3.0" name="com.democompany.com.first_dem_project.AppTest" time="0.119" tests="1" errors="0" skipped="0" failures="0">
  <properties>
    <property name="java.specification.version" value="22"/>
    <property name="sun.cpu.isalist" value="amd64"/>
    <property name="sun.jnu.encoding" value="Cp1252"/>
    <property name="java.class.path" value="C:\projects\first-dem-project\target\test-classes;C:\projects\first-dem-project\target\classes;C:\Users\CodeZaZa\.m2\repository\junit\junit\3.8.1\junit-3.8.1.jar;"/>
    <property name="java.vm.vendor" value="Oracle Corporation"/>
    <property name="sun.arch.data.model" value="64"/>
    <property name="user.variant" value=""/>
    <property name="java.vendor.url" value="https://java.oracle.com/"/>
    <property name="user.timezone" value="Asia/Calcutta"/>
    <property name="os.name" value="Windows 10"/>
    <property name="java.vm.specification.version" value="22"/>
    <property name="sun.java.launcher" value="SUN_STANDARD"/>
    <property name="user.country" value="US"/>
    <property name="sun.boot.library.path" value="C:\Program Files\Java\jdk-22\bin"/>
    <property name="sun.java.command" value="C:\Users\CodeZaZa\AppData\Local\Temp\surefire16701619037682653633\surefirebooter-20240701130348949_3.jar C:\Users\CodeZaZa\AppData\Local\Temp\surefire16701619037682653633 2024-07-01T13-03-48_516-jvmRun1 surefire-20240701130348949_1tmp surefire_0-20240701130348949_2tmp"/>
    <property name="jdk.debug" value="release"/>
    <property name="surefire.test.class.path" value="C:\projects\first-dem-project\target\test-classes;C:\projects\first-dem-project\target\classes;C:\Users\CodeZaZa\.m2\repository\junit\junit\3.8.1\junit-3.8.1.jar;"/>
    <property name="sun.cpu.endian" value="little"/>
    <property name="user.home" value="C:\Users\CodeZaZa"/>
    <property name="user.language" value="en"/>
    <property name="java.specification.vendor" value="Oracle Corporation"/>
    <property name="java.version.date" value="2024-04-16"/>
    <property name="java.home" value="C:\Program Files\Java\jdk-22"/>
    <property name="file.separator" value="\"/>
    <property name="basedir" value="C:\projects\first-dem-project"/>
    <property name="style.color" value="always"/>
    <property name="java.vm.compressedOopsMode" value="32-bit"/>
    <property name="line.separator" value="&#10;"/>
    <property name="java.vm.specification.vendor" value="Oracle Corporation"/>
    <property name="java.specification.name" value="Java Platform API Specification"/>
    <property name="surefire.real.class.path" value="C:\Users\CodeZaZa\AppData\Local\Temp\surefire16701619037682653633\surefirebooter-20240701130348949_3.jar"/>
    <property name="user.script" value=""/>
    <property name="sun.management.compiler" value="HotSpot 64-Bit Tiered Compilers"/>
    <property name="java.runtime.version" value="22.0.1+8-16"/>
    <property name="user.name" value="CodeZaZa"/>
    <property name="stdout.encoding" value="Cp1252"/>
    <property name="path.separator" value=";"/>
    <property name="os.version" value="10.0"/>
    <property name="java.runtime.name" value="Java(TM) SE Runtime Environment"/>
    <property name="file.encoding" value="UTF-8"/>
    <property name="java.vm.name" value="Java HotSpot(TM) 64-Bit Server VM"/>
    <property name="localRepository" value="C:\Users\CodeZaZa\.m2\repository"/>
    <property name="java.vendor.url.bug" value="https://bugreport.java.com/bugreport/"/>
    <property name="java.io.tmpdir" value="C:\Users\CodeZaZa\AppData\Local\Temp\"/>
    <property name="java.version" value="22.0.1"/>
    <property name="user.dir" value="C:\projects\first-dem-project"/>
    <property name="os.arch" value="amd64"/>
    <property name="java.vm.specification.name" value="Java Virtual Machine Specification"/>
    <property name="sun.os.patch.level" value=""/>
    <property name="native.encoding" value="Cp1252"/>
    <property name="java.library.path" value="C:\Program Files\Java\jdk-22\bin;C:\Windows\Sun\Java\bin;C:\Windows\system32;C:\Windows;C:/Program Files/Java/jdk-22/bin/server;C:/Program Files/Java/jdk-22/bin;C:/Users/CodeZaZa/AppData/Local/Temp/eoi4EA3.tmp//plugins/org.eclipse.justj.openjdk.hotspot.jre.minimal.stripped.win32.x86_64_17.0.11.v20240426-2108/jre/bin/server;C:/Users/CodeZaZa/AppData/Local/Temp/eoi4EA3.tmp//plugins/org.eclipse.justj.openjdk.hotspot.jre.minimal.stripped.win32.x86_64_17.0.11.v20240426-2108/jre/bin;C:\Program Files\Google\Chrome\Application;C:\Windows\system32;C:\Windows;C:\Windows\System32\Wbem;C:\Windows\System32\WindowsPowerShell\v1.0\;C:\Windows\System32\OpenSSH\;C:\Users\CodeZaZa\AppData\Roaming\Microsoft\Windows\Start Menu\Programs\Python 3.12;C:\Users\CodeZaZa\AppData\Local\Programs\Microsoft VS Code;C:\Users\CodeZaZa\AppData\Local\Programs\Microsoft VS Code\bin;C:\Users\CodeZaZa\AppData\Roaming\Microsoft\Windows\Start Menu\Programs\Python 3.12;C:\Users\CodeZaZa\Downloads\chromedriver-win32;C:\Users\CodeZaZa\Desktop\ai-projects-2023-Updated\Google_map_Scrapper-India;C:\Users\CodeZaZa\AppData\Roaming\Microsoft\Windows\Start Menu;C:\Program Files\Git\cmd;C:\ProgramData\Microsoft\Windows\Start Menu\Programs\Git;&quot;C:\Program Files\Git\bin\;C:\Program Files\Git\cmd\&quot;;C:\Users\CodeZaZa\AppData\Roaming\Microsoft\Windows\Start Menu\Programs\Python 3.12;C:\Users\CodeZaZa\AppData\Local\Microsoft\WindowsApps;C:\Users\CodeZaZa\AppData\Local\Programs\Microsoft VS Code\bin;C:\Users\CodeZaZa\AppData\Roaming\Microsoft\Windows\Start Menu\Programs\Python 3.12;C:\Users\CodeZaZa\AppData\Local\Programs\Microsoft VS Code;C:\Users\CodeZaZa\AppData\Local\Programs\Microsoft VS Code\bin;C:\Users\CodeZaZa\Downloads\chromedriver-win32;C:\Users\CodeZaZa\Desktop\ai-projects-2023-Updated\Google_map_Scrapper-India;C:\Users\CodeZaZa\AppData\Roaming\Microsoft\Windows\Start Menu;C:\ProgramData\Microsoft\Windows\Start Menu\Programs\Git;&quot;C:\Program Files\Git\bin\;C:\Program Files\Git\cmd\&quot;;;C:\Users\CodeZaZa\Downloads;;C:\Users\CodeZaZa\Downloads;;."/>
    <property name="java.vm.info" value="mixed mode, sharing"/>
    <property name="stderr.encoding" value="Cp1252"/>
    <property name="java.vendor" value="Oracle Corporation"/>
    <property name="java.vm.version" value="22.0.1+8-16"/>
    <property name="sun.io.unicode.encoding" value="UnicodeLittle"/>
    <property name="java.class.version" value="66.0"/>
  </properties>
  <testcase name="testApp" classname="com.democompany.com.first_dem_project.AppTest" time="0.019"/>
</testsuite>